<?xml version="1.0" encoding="UTF-8"?>
<!-- Generated by org.testng.reporters.JUnitReportReporter -->
<testsuite hostname="DESKTOP-SMH19H1" failures="0" tests="1" name="Scripts.TestCase2" time="10.500" errors="0" timestamp="2023-10-11T21:09:15 IST" skipped="0">
  <testcase classname="Scripts.TestCase2" name="tc2" time="10.500"/>
  <system-out/>
</testsuite> <!-- Scripts.TestCase2 -->
